nohup: ignoring input
/home/chiara/anaconda3/envs/MGS/lib/python3.12/site-packages/torch/nn/modules/transformer.py:306: UserWarning: enable_nested_tensor is True, but self.use_nested_tensor is False because encoder_layer.self_attn.batch_first was not True(use batch_first for better inference performance)
  warnings.warn(f"enable_nested_tensor is True, but self.use_nested_tensor is False because {why_not_sparsity_fast_path}")
/home/chiara/anaconda3/envs/MGS/lib/python3.12/site-packages/torch/nn/modules/transformer.py:306: UserWarning: enable_nested_tensor is True, but self.use_nested_tensor is False because encoder_layer.self_attn.batch_first was not True(use batch_first for better inference performance)
  warnings.warn(f"enable_nested_tensor is True, but self.use_nested_tensor is False because {why_not_sparsity_fast_path}")
/home/chiara/anaconda3/envs/MGS/lib/python3.12/site-packages/torch/nn/modules/transformer.py:306: UserWarning: enable_nested_tensor is True, but self.use_nested_tensor is False because encoder_layer.self_attn.batch_first was not True(use batch_first for better inference performance)
  warnings.warn(f"enable_nested_tensor is True, but self.use_nested_tensor is False because {why_not_sparsity_fast_path}")
/home/chiara/anaconda3/envs/MGS/lib/python3.12/site-packages/torch/nn/modules/transformer.py:306: UserWarning: enable_nested_tensor is True, but self.use_nested_tensor is False because encoder_layer.self_attn.batch_first was not True(use batch_first for better inference performance)
  warnings.warn(f"enable_nested_tensor is True, but self.use_nested_tensor is False because {why_not_sparsity_fast_path}")
/home/chiara/anaconda3/envs/MGS/lib/python3.12/site-packages/torch/nn/modules/transformer.py:306: UserWarning: enable_nested_tensor is True, but self.use_nested_tensor is False because encoder_layer.self_attn.batch_first was not True(use batch_first for better inference performance)
  warnings.warn(f"enable_nested_tensor is True, but self.use_nested_tensor is False because {why_not_sparsity_fast_path}")
/home/chiara/anaconda3/envs/MGS/lib/python3.12/site-packages/torch/nn/modules/transformer.py:306: UserWarning: enable_nested_tensor is True, but self.use_nested_tensor is False because encoder_layer.self_attn.batch_first was not True(use batch_first for better inference performance)
  warnings.warn(f"enable_nested_tensor is True, but self.use_nested_tensor is False because {why_not_sparsity_fast_path}")
/home/chiara/anaconda3/envs/MGS/lib/python3.12/site-packages/torch/nn/modules/transformer.py:306: UserWarning: enable_nested_tensor is True, but self.use_nested_tensor is False because encoder_layer.self_attn.batch_first was not True(use batch_first for better inference performance)
  warnings.warn(f"enable_nested_tensor is True, but self.use_nested_tensor is False because {why_not_sparsity_fast_path}")
/home/chiara/anaconda3/envs/MGS/lib/python3.12/site-packages/torch/nn/modules/transformer.py:306: UserWarning: enable_nested_tensor is True, but self.use_nested_tensor is False because encoder_layer.self_attn.batch_first was not True(use batch_first for better inference performance)
  warnings.warn(f"enable_nested_tensor is True, but self.use_nested_tensor is False because {why_not_sparsity_fast_path}")
/home/chiara/anaconda3/envs/MGS/lib/python3.12/site-packages/torch/nn/modules/transformer.py:306: UserWarning: enable_nested_tensor is True, but self.use_nested_tensor is False because encoder_layer.self_attn.batch_first was not True(use batch_first for better inference performance)
  warnings.warn(f"enable_nested_tensor is True, but self.use_nested_tensor is False because {why_not_sparsity_fast_path}")
/home/chiara/anaconda3/envs/MGS/lib/python3.12/site-packages/torch/nn/modules/transformer.py:306: UserWarning: enable_nested_tensor is True, but self.use_nested_tensor is False because encoder_layer.self_attn.batch_first was not True(use batch_first for better inference performance)
  warnings.warn(f"enable_nested_tensor is True, but self.use_nested_tensor is False because {why_not_sparsity_fast_path}")
/home/chiara/anaconda3/envs/MGS/lib/python3.12/site-packages/torch/nn/modules/transformer.py:306: UserWarning: enable_nested_tensor is True, but self.use_nested_tensor is False because encoder_layer.self_attn.batch_first was not True(use batch_first for better inference performance)
  warnings.warn(f"enable_nested_tensor is True, but self.use_nested_tensor is False because {why_not_sparsity_fast_path}")
/home/chiara/anaconda3/envs/MGS/lib/python3.12/site-packages/torch/nn/modules/transformer.py:306: UserWarning: enable_nested_tensor is True, but self.use_nested_tensor is False because encoder_layer.self_attn.batch_first was not True(use batch_first for better inference performance)
  warnings.warn(f"enable_nested_tensor is True, but self.use_nested_tensor is False because {why_not_sparsity_fast_path}")
/home/chiara/anaconda3/envs/MGS/lib/python3.12/site-packages/torch/nn/modules/transformer.py:306: UserWarning: enable_nested_tensor is True, but self.use_nested_tensor is False because encoder_layer.self_attn.batch_first was not True(use batch_first for better inference performance)
  warnings.warn(f"enable_nested_tensor is True, but self.use_nested_tensor is False because {why_not_sparsity_fast_path}")
/home/chiara/anaconda3/envs/MGS/lib/python3.12/site-packages/torch/nn/modules/transformer.py:306: UserWarning: enable_nested_tensor is True, but self.use_nested_tensor is False because encoder_layer.self_attn.batch_first was not True(use batch_first for better inference performance)
  warnings.warn(f"enable_nested_tensor is True, but self.use_nested_tensor is False because {why_not_sparsity_fast_path}")
/home/chiara/anaconda3/envs/MGS/lib/python3.12/site-packages/torch/nn/modules/transformer.py:306: UserWarning: enable_nested_tensor is True, but self.use_nested_tensor is False because encoder_layer.self_attn.batch_first was not True(use batch_first for better inference performance)
  warnings.warn(f"enable_nested_tensor is True, but self.use_nested_tensor is False because {why_not_sparsity_fast_path}")
/home/chiara/anaconda3/envs/MGS/lib/python3.12/site-packages/torch/nn/modules/transformer.py:306: UserWarning: enable_nested_tensor is True, but self.use_nested_tensor is False because encoder_layer.self_attn.batch_first was not True(use batch_first for better inference performance)
  warnings.warn(f"enable_nested_tensor is True, but self.use_nested_tensor is False because {why_not_sparsity_fast_path}")
/home/chiara/anaconda3/envs/MGS/lib/python3.12/site-packages/torch/nn/modules/transformer.py:306: UserWarning: enable_nested_tensor is True, but self.use_nested_tensor is False because encoder_layer.self_attn.batch_first was not True(use batch_first for better inference performance)
  warnings.warn(f"enable_nested_tensor is True, but self.use_nested_tensor is False because {why_not_sparsity_fast_path}")
/home/chiara/anaconda3/envs/MGS/lib/python3.12/site-packages/torch/nn/modules/transformer.py:306: UserWarning: enable_nested_tensor is True, but self.use_nested_tensor is False because encoder_layer.self_attn.batch_first was not True(use batch_first for better inference performance)
  warnings.warn(f"enable_nested_tensor is True, but self.use_nested_tensor is False because {why_not_sparsity_fast_path}")
/home/chiara/anaconda3/envs/MGS/lib/python3.12/site-packages/torch/nn/modules/transformer.py:306: UserWarning: enable_nested_tensor is True, but self.use_nested_tensor is False because encoder_layer.self_attn.batch_first was not True(use batch_first for better inference performance)
  warnings.warn(f"enable_nested_tensor is True, but self.use_nested_tensor is False because {why_not_sparsity_fast_path}")
/home/chiara/anaconda3/envs/MGS/lib/python3.12/site-packages/torch/nn/modules/transformer.py:306: UserWarning: enable_nested_tensor is True, but self.use_nested_tensor is False because encoder_layer.self_attn.batch_first was not True(use batch_first for better inference performance)
  warnings.warn(f"enable_nested_tensor is True, but self.use_nested_tensor is False because {why_not_sparsity_fast_path}")
/home/chiara/anaconda3/envs/MGS/lib/python3.12/site-packages/torch/nn/modules/transformer.py:306: UserWarning: enable_nested_tensor is True, but self.use_nested_tensor is False because encoder_layer.self_attn.batch_first was not True(use batch_first for better inference performance)
  warnings.warn(f"enable_nested_tensor is True, but self.use_nested_tensor is False because {why_not_sparsity_fast_path}")
/home/chiara/anaconda3/envs/MGS/lib/python3.12/site-packages/torch/nn/modules/transformer.py:306: UserWarning: enable_nested_tensor is True, but self.use_nested_tensor is False because encoder_layer.self_attn.batch_first was not True(use batch_first for better inference performance)
  warnings.warn(f"enable_nested_tensor is True, but self.use_nested_tensor is False because {why_not_sparsity_fast_path}")
/home/chiara/anaconda3/envs/MGS/lib/python3.12/site-packages/torch/nn/modules/transformer.py:306: UserWarning: enable_nested_tensor is True, but self.use_nested_tensor is False because encoder_layer.self_attn.batch_first was not True(use batch_first for better inference performance)
  warnings.warn(f"enable_nested_tensor is True, but self.use_nested_tensor is False because {why_not_sparsity_fast_path}")
/home/chiara/anaconda3/envs/MGS/lib/python3.12/site-packages/torch/nn/modules/transformer.py:306: UserWarning: enable_nested_tensor is True, but self.use_nested_tensor is False because encoder_layer.self_attn.batch_first was not True(use batch_first for better inference performance)
  warnings.warn(f"enable_nested_tensor is True, but self.use_nested_tensor is False because {why_not_sparsity_fast_path}")
/home/chiara/anaconda3/envs/MGS/lib/python3.12/site-packages/torch/nn/modules/transformer.py:306: UserWarning: enable_nested_tensor is True, but self.use_nested_tensor is False because encoder_layer.self_attn.batch_first was not True(use batch_first for better inference performance)
  warnings.warn(f"enable_nested_tensor is True, but self.use_nested_tensor is False because {why_not_sparsity_fast_path}")
/home/chiara/anaconda3/envs/MGS/lib/python3.12/site-packages/torch/nn/modules/transformer.py:306: UserWarning: enable_nested_tensor is True, but self.use_nested_tensor is False because encoder_layer.self_attn.batch_first was not True(use batch_first for better inference performance)
  warnings.warn(f"enable_nested_tensor is True, but self.use_nested_tensor is False because {why_not_sparsity_fast_path}")
/home/chiara/anaconda3/envs/MGS/lib/python3.12/site-packages/torch/nn/modules/transformer.py:306: UserWarning: enable_nested_tensor is True, but self.use_nested_tensor is False because encoder_layer.self_attn.batch_first was not True(use batch_first for better inference performance)
  warnings.warn(f"enable_nested_tensor is True, but self.use_nested_tensor is False because {why_not_sparsity_fast_path}")
/home/chiara/anaconda3/envs/MGS/lib/python3.12/site-packages/torch/nn/modules/transformer.py:306: UserWarning: enable_nested_tensor is True, but self.use_nested_tensor is False because encoder_layer.self_attn.batch_first was not True(use batch_first for better inference performance)
  warnings.warn(f"enable_nested_tensor is True, but self.use_nested_tensor is False because {why_not_sparsity_fast_path}")
/home/chiara/anaconda3/envs/MGS/lib/python3.12/site-packages/torch/nn/modules/transformer.py:306: UserWarning: enable_nested_tensor is True, but self.use_nested_tensor is False because encoder_layer.self_attn.batch_first was not True(use batch_first for better inference performance)
  warnings.warn(f"enable_nested_tensor is True, but self.use_nested_tensor is False because {why_not_sparsity_fast_path}")
/home/chiara/anaconda3/envs/MGS/lib/python3.12/site-packages/torch/nn/modules/transformer.py:306: UserWarning: enable_nested_tensor is True, but self.use_nested_tensor is False because encoder_layer.self_attn.batch_first was not True(use batch_first for better inference performance)
  warnings.warn(f"enable_nested_tensor is True, but self.use_nested_tensor is False because {why_not_sparsity_fast_path}")
DEVICE: cuda
Train dataset size: 381
Test dataset size: 381
Train dataset shape: torch.Size([72]), torch.Size([72])
Test dataset shape: torch.Size([72]), torch.Size([72])
Predictions and actual values saved to /home/chiara/Energy/PRED/ddpm_predictions
Iteration 0 completed.
DEVICE: cuda
Train dataset size: 381
Test dataset size: 381
Train dataset shape: torch.Size([72]), torch.Size([72])
Test dataset shape: torch.Size([72]), torch.Size([72])
Predictions and actual values saved to /home/chiara/Energy/PRED/ddpm_predictions
Iteration 1 completed.
DEVICE: cuda
Train dataset size: 381
Test dataset size: 381
Train dataset shape: torch.Size([72]), torch.Size([72])
Test dataset shape: torch.Size([72]), torch.Size([72])
Predictions and actual values saved to /home/chiara/Energy/PRED/ddpm_predictions
Iteration 2 completed.
DEVICE: cuda
Train dataset size: 381
Test dataset size: 381
Train dataset shape: torch.Size([72]), torch.Size([72])
Test dataset shape: torch.Size([72]), torch.Size([72])
Predictions and actual values saved to /home/chiara/Energy/PRED/ddpm_predictions
Iteration 3 completed.
DEVICE: cuda
Train dataset size: 381
Test dataset size: 381
Train dataset shape: torch.Size([72]), torch.Size([72])
Test dataset shape: torch.Size([72]), torch.Size([72])
Predictions and actual values saved to /home/chiara/Energy/PRED/ddpm_predictions
Iteration 4 completed.
DEVICE: cuda
Train dataset size: 381
Test dataset size: 381
Train dataset shape: torch.Size([72]), torch.Size([72])
Test dataset shape: torch.Size([72]), torch.Size([72])
Predictions and actual values saved to /home/chiara/Energy/PRED/ddpm_predictions
Iteration 5 completed.
DEVICE: cuda
Train dataset size: 381
Test dataset size: 381
Train dataset shape: torch.Size([72]), torch.Size([72])
Test dataset shape: torch.Size([72]), torch.Size([72])
Predictions and actual values saved to /home/chiara/Energy/PRED/ddpm_predictions
Iteration 6 completed.
DEVICE: cuda
Train dataset size: 381
Test dataset size: 381
Train dataset shape: torch.Size([72]), torch.Size([72])
Test dataset shape: torch.Size([72]), torch.Size([72])
Predictions and actual values saved to /home/chiara/Energy/PRED/ddpm_predictions
Iteration 7 completed.
DEVICE: cuda
Train dataset size: 381
Test dataset size: 381
Train dataset shape: torch.Size([72]), torch.Size([72])
Test dataset shape: torch.Size([72]), torch.Size([72])
Predictions and actual values saved to /home/chiara/Energy/PRED/ddpm_predictions
Iteration 8 completed.
DEVICE: cuda
Train dataset size: 381
Test dataset size: 381
Train dataset shape: torch.Size([72]), torch.Size([72])
Test dataset shape: torch.Size([72]), torch.Size([72])
Predictions and actual values saved to /home/chiara/Energy/PRED/ddpm_predictions
Iteration 9 completed.
DEVICE: cuda
Train dataset size: 381
Test dataset size: 381
Train dataset shape: torch.Size([72]), torch.Size([72])
Test dataset shape: torch.Size([72]), torch.Size([72])
Predictions and actual values saved to /home/chiara/Energy/PRED/ddpm_predictions
Iteration 10 completed.
DEVICE: cuda
Train dataset size: 381
Test dataset size: 381
Train dataset shape: torch.Size([72]), torch.Size([72])
Test dataset shape: torch.Size([72]), torch.Size([72])
Predictions and actual values saved to /home/chiara/Energy/PRED/ddpm_predictions
Iteration 11 completed.
DEVICE: cuda
Train dataset size: 381
Test dataset size: 381
Train dataset shape: torch.Size([72]), torch.Size([72])
Test dataset shape: torch.Size([72]), torch.Size([72])
Predictions and actual values saved to /home/chiara/Energy/PRED/ddpm_predictions
Iteration 12 completed.
DEVICE: cuda
Train dataset size: 381
Test dataset size: 381
Train dataset shape: torch.Size([72]), torch.Size([72])
Test dataset shape: torch.Size([72]), torch.Size([72])
Predictions and actual values saved to /home/chiara/Energy/PRED/ddpm_predictions
Iteration 13 completed.
DEVICE: cuda
Train dataset size: 381
Test dataset size: 381
Train dataset shape: torch.Size([72]), torch.Size([72])
Test dataset shape: torch.Size([72]), torch.Size([72])
Predictions and actual values saved to /home/chiara/Energy/PRED/ddpm_predictions
Iteration 14 completed.
DEVICE: cuda
Train dataset size: 381
Test dataset size: 381
Train dataset shape: torch.Size([72]), torch.Size([72])
Test dataset shape: torch.Size([72]), torch.Size([72])
Predictions and actual values saved to /home/chiara/Energy/PRED/ddpm_predictions
Iteration 15 completed.
DEVICE: cuda
Train dataset size: 381
Test dataset size: 381
Train dataset shape: torch.Size([72]), torch.Size([72])
Test dataset shape: torch.Size([72]), torch.Size([72])
Predictions and actual values saved to /home/chiara/Energy/PRED/ddpm_predictions
Iteration 16 completed.
DEVICE: cuda
Train dataset size: 381
Test dataset size: 381
Train dataset shape: torch.Size([72]), torch.Size([72])
Test dataset shape: torch.Size([72]), torch.Size([72])
Predictions and actual values saved to /home/chiara/Energy/PRED/ddpm_predictions
Iteration 17 completed.
DEVICE: cuda
Train dataset size: 381
Test dataset size: 381
Train dataset shape: torch.Size([72]), torch.Size([72])
Test dataset shape: torch.Size([72]), torch.Size([72])
Predictions and actual values saved to /home/chiara/Energy/PRED/ddpm_predictions
Iteration 18 completed.
DEVICE: cuda
Train dataset size: 381
Test dataset size: 381
Train dataset shape: torch.Size([72]), torch.Size([72])
Test dataset shape: torch.Size([72]), torch.Size([72])
Predictions and actual values saved to /home/chiara/Energy/PRED/ddpm_predictions
Iteration 19 completed.
DEVICE: cuda
Train dataset size: 381
Test dataset size: 381
Train dataset shape: torch.Size([72]), torch.Size([72])
Test dataset shape: torch.Size([72]), torch.Size([72])
Predictions and actual values saved to /home/chiara/Energy/PRED/ddpm_predictions
Iteration 20 completed.
DEVICE: cuda
Train dataset size: 381
Test dataset size: 381
Train dataset shape: torch.Size([72]), torch.Size([72])
Test dataset shape: torch.Size([72]), torch.Size([72])
Predictions and actual values saved to /home/chiara/Energy/PRED/ddpm_predictions
Iteration 21 completed.
DEVICE: cuda
Train dataset size: 381
Test dataset size: 381
Train dataset shape: torch.Size([72]), torch.Size([72])
Test dataset shape: torch.Size([72]), torch.Size([72])
Predictions and actual values saved to /home/chiara/Energy/PRED/ddpm_predictions
Iteration 22 completed.
DEVICE: cuda
Train dataset size: 381
Test dataset size: 381
Train dataset shape: torch.Size([72]), torch.Size([72])
Test dataset shape: torch.Size([72]), torch.Size([72])
Predictions and actual values saved to /home/chiara/Energy/PRED/ddpm_predictions
Iteration 23 completed.
DEVICE: cuda
Train dataset size: 381
Test dataset size: 381
Train dataset shape: torch.Size([72]), torch.Size([72])
Test dataset shape: torch.Size([72]), torch.Size([72])
Predictions and actual values saved to /home/chiara/Energy/PRED/ddpm_predictions
Iteration 24 completed.
DEVICE: cuda
Train dataset size: 381
Test dataset size: 381
Train dataset shape: torch.Size([72]), torch.Size([72])
Test dataset shape: torch.Size([72]), torch.Size([72])
Predictions and actual values saved to /home/chiara/Energy/PRED/ddpm_predictions
Iteration 25 completed.
DEVICE: cuda
Train dataset size: 381
Test dataset size: 381
Train dataset shape: torch.Size([72]), torch.Size([72])
Test dataset shape: torch.Size([72]), torch.Size([72])
Predictions and actual values saved to /home/chiara/Energy/PRED/ddpm_predictions
Iteration 26 completed.
DEVICE: cuda
Train dataset size: 381
Test dataset size: 381
Train dataset shape: torch.Size([72]), torch.Size([72])
Test dataset shape: torch.Size([72]), torch.Size([72])
Predictions and actual values saved to /home/chiara/Energy/PRED/ddpm_predictions
Iteration 27 completed.
DEVICE: cuda
Train dataset size: 381
Test dataset size: 381
Train dataset shape: torch.Size([72]), torch.Size([72])
Test dataset shape: torch.Size([72]), torch.Size([72])
Predictions and actual values saved to /home/chiara/Energy/PRED/ddpm_predictions
Iteration 28 completed.
DEVICE: cuda
Train dataset size: 381
Test dataset size: 381
Train dataset shape: torch.Size([72]), torch.Size([72])
Test dataset shape: torch.Size([72]), torch.Size([72])
/home/chiara/anaconda3/envs/MGS/lib/python3.12/site-packages/torch/nn/modules/transformer.py:306: UserWarning: enable_nested_tensor is True, but self.use_nested_tensor is False because encoder_layer.self_attn.batch_first was not True(use batch_first for better inference performance)
  warnings.warn(f"enable_nested_tensor is True, but self.use_nested_tensor is False because {why_not_sparsity_fast_path}")
/home/chiara/anaconda3/envs/MGS/lib/python3.12/site-packages/torch/nn/modules/transformer.py:306: UserWarning: enable_nested_tensor is True, but self.use_nested_tensor is False because encoder_layer.self_attn.batch_first was not True(use batch_first for better inference performance)
  warnings.warn(f"enable_nested_tensor is True, but self.use_nested_tensor is False because {why_not_sparsity_fast_path}")
/home/chiara/anaconda3/envs/MGS/lib/python3.12/site-packages/torch/nn/modules/transformer.py:306: UserWarning: enable_nested_tensor is True, but self.use_nested_tensor is False because encoder_layer.self_attn.batch_first was not True(use batch_first for better inference performance)
  warnings.warn(f"enable_nested_tensor is True, but self.use_nested_tensor is False because {why_not_sparsity_fast_path}")
/home/chiara/anaconda3/envs/MGS/lib/python3.12/site-packages/torch/nn/modules/transformer.py:306: UserWarning: enable_nested_tensor is True, but self.use_nested_tensor is False because encoder_layer.self_attn.batch_first was not True(use batch_first for better inference performance)
  warnings.warn(f"enable_nested_tensor is True, but self.use_nested_tensor is False because {why_not_sparsity_fast_path}")
/home/chiara/anaconda3/envs/MGS/lib/python3.12/site-packages/torch/nn/modules/transformer.py:306: UserWarning: enable_nested_tensor is True, but self.use_nested_tensor is False because encoder_layer.self_attn.batch_first was not True(use batch_first for better inference performance)
  warnings.warn(f"enable_nested_tensor is True, but self.use_nested_tensor is False because {why_not_sparsity_fast_path}")
/home/chiara/anaconda3/envs/MGS/lib/python3.12/site-packages/torch/nn/modules/transformer.py:306: UserWarning: enable_nested_tensor is True, but self.use_nested_tensor is False because encoder_layer.self_attn.batch_first was not True(use batch_first for better inference performance)
  warnings.warn(f"enable_nested_tensor is True, but self.use_nested_tensor is False because {why_not_sparsity_fast_path}")
/home/chiara/anaconda3/envs/MGS/lib/python3.12/site-packages/torch/nn/modules/transformer.py:306: UserWarning: enable_nested_tensor is True, but self.use_nested_tensor is False because encoder_layer.self_attn.batch_first was not True(use batch_first for better inference performance)
  warnings.warn(f"enable_nested_tensor is True, but self.use_nested_tensor is False because {why_not_sparsity_fast_path}")
/home/chiara/anaconda3/envs/MGS/lib/python3.12/site-packages/torch/nn/modules/transformer.py:306: UserWarning: enable_nested_tensor is True, but self.use_nested_tensor is False because encoder_layer.self_attn.batch_first was not True(use batch_first for better inference performance)
  warnings.warn(f"enable_nested_tensor is True, but self.use_nested_tensor is False because {why_not_sparsity_fast_path}")
/home/chiara/anaconda3/envs/MGS/lib/python3.12/site-packages/torch/nn/modules/transformer.py:306: UserWarning: enable_nested_tensor is True, but self.use_nested_tensor is False because encoder_layer.self_attn.batch_first was not True(use batch_first for better inference performance)
  warnings.warn(f"enable_nested_tensor is True, but self.use_nested_tensor is False because {why_not_sparsity_fast_path}")
/home/chiara/anaconda3/envs/MGS/lib/python3.12/site-packages/torch/nn/modules/transformer.py:306: UserWarning: enable_nested_tensor is True, but self.use_nested_tensor is False because encoder_layer.self_attn.batch_first was not True(use batch_first for better inference performance)
  warnings.warn(f"enable_nested_tensor is True, but self.use_nested_tensor is False because {why_not_sparsity_fast_path}")
/home/chiara/anaconda3/envs/MGS/lib/python3.12/site-packages/torch/nn/modules/transformer.py:306: UserWarning: enable_nested_tensor is True, but self.use_nested_tensor is False because encoder_layer.self_attn.batch_first was not True(use batch_first for better inference performance)
  warnings.warn(f"enable_nested_tensor is True, but self.use_nested_tensor is False because {why_not_sparsity_fast_path}")
/home/chiara/anaconda3/envs/MGS/lib/python3.12/site-packages/torch/nn/modules/transformer.py:306: UserWarning: enable_nested_tensor is True, but self.use_nested_tensor is False because encoder_layer.self_attn.batch_first was not True(use batch_first for better inference performance)
  warnings.warn(f"enable_nested_tensor is True, but self.use_nested_tensor is False because {why_not_sparsity_fast_path}")
/home/chiara/anaconda3/envs/MGS/lib/python3.12/site-packages/torch/nn/modules/transformer.py:306: UserWarning: enable_nested_tensor is True, but self.use_nested_tensor is False because encoder_layer.self_attn.batch_first was not True(use batch_first for better inference performance)
  warnings.warn(f"enable_nested_tensor is True, but self.use_nested_tensor is False because {why_not_sparsity_fast_path}")
/home/chiara/anaconda3/envs/MGS/lib/python3.12/site-packages/torch/nn/modules/transformer.py:306: UserWarning: enable_nested_tensor is True, but self.use_nested_tensor is False because encoder_layer.self_attn.batch_first was not True(use batch_first for better inference performance)
  warnings.warn(f"enable_nested_tensor is True, but self.use_nested_tensor is False because {why_not_sparsity_fast_path}")
/home/chiara/anaconda3/envs/MGS/lib/python3.12/site-packages/torch/nn/modules/transformer.py:306: UserWarning: enable_nested_tensor is True, but self.use_nested_tensor is False because encoder_layer.self_attn.batch_first was not True(use batch_first for better inference performance)
  warnings.warn(f"enable_nested_tensor is True, but self.use_nested_tensor is False because {why_not_sparsity_fast_path}")
/home/chiara/anaconda3/envs/MGS/lib/python3.12/site-packages/torch/nn/modules/transformer.py:306: UserWarning: enable_nested_tensor is True, but self.use_nested_tensor is False because encoder_layer.self_attn.batch_first was not True(use batch_first for better inference performance)
  warnings.warn(f"enable_nested_tensor is True, but self.use_nested_tensor is False because {why_not_sparsity_fast_path}")
/home/chiara/anaconda3/envs/MGS/lib/python3.12/site-packages/torch/nn/modules/transformer.py:306: UserWarning: enable_nested_tensor is True, but self.use_nested_tensor is False because encoder_layer.self_attn.batch_first was not True(use batch_first for better inference performance)
  warnings.warn(f"enable_nested_tensor is True, but self.use_nested_tensor is False because {why_not_sparsity_fast_path}")
/home/chiara/anaconda3/envs/MGS/lib/python3.12/site-packages/torch/nn/modules/transformer.py:306: UserWarning: enable_nested_tensor is True, but self.use_nested_tensor is False because encoder_layer.self_attn.batch_first was not True(use batch_first for better inference performance)
  warnings.warn(f"enable_nested_tensor is True, but self.use_nested_tensor is False because {why_not_sparsity_fast_path}")
/home/chiara/anaconda3/envs/MGS/lib/python3.12/site-packages/torch/nn/modules/transformer.py:306: UserWarning: enable_nested_tensor is True, but self.use_nested_tensor is False because encoder_layer.self_attn.batch_first was not True(use batch_first for better inference performance)
  warnings.warn(f"enable_nested_tensor is True, but self.use_nested_tensor is False because {why_not_sparsity_fast_path}")
/home/chiara/anaconda3/envs/MGS/lib/python3.12/site-packages/torch/nn/modules/transformer.py:306: UserWarning: enable_nested_tensor is True, but self.use_nested_tensor is False because encoder_layer.self_attn.batch_first was not True(use batch_first for better inference performance)
  warnings.warn(f"enable_nested_tensor is True, but self.use_nested_tensor is False because {why_not_sparsity_fast_path}")
Predictions and actual values saved to /home/chiara/Energy/PRED/ddpm_predictions
Iteration 29 completed.
DEVICE: cuda
Train dataset size: 381
Test dataset size: 381
Train dataset shape: torch.Size([72]), torch.Size([72])
Test dataset shape: torch.Size([72]), torch.Size([72])
Predictions and actual values saved to /home/chiara/Energy/PRED/ddpm_predictions
Iteration 30 completed.
DEVICE: cuda
Train dataset size: 381
Test dataset size: 381
Train dataset shape: torch.Size([72]), torch.Size([72])
Test dataset shape: torch.Size([72]), torch.Size([72])
Predictions and actual values saved to /home/chiara/Energy/PRED/ddpm_predictions
Iteration 31 completed.
DEVICE: cuda
Train dataset size: 381
Test dataset size: 381
Train dataset shape: torch.Size([72]), torch.Size([72])
Test dataset shape: torch.Size([72]), torch.Size([72])
Predictions and actual values saved to /home/chiara/Energy/PRED/ddpm_predictions
Iteration 32 completed.
DEVICE: cuda
Train dataset size: 381
Test dataset size: 381
Train dataset shape: torch.Size([72]), torch.Size([72])
Test dataset shape: torch.Size([72]), torch.Size([72])
Predictions and actual values saved to /home/chiara/Energy/PRED/ddpm_predictions
Iteration 33 completed.
DEVICE: cuda
Train dataset size: 381
Test dataset size: 381
Train dataset shape: torch.Size([72]), torch.Size([72])
Test dataset shape: torch.Size([72]), torch.Size([72])
Predictions and actual values saved to /home/chiara/Energy/PRED/ddpm_predictions
Iteration 34 completed.
DEVICE: cuda
Train dataset size: 381
Test dataset size: 381
Train dataset shape: torch.Size([72]), torch.Size([72])
Test dataset shape: torch.Size([72]), torch.Size([72])
Predictions and actual values saved to /home/chiara/Energy/PRED/ddpm_predictions
Iteration 35 completed.
DEVICE: cuda
Train dataset size: 381
Test dataset size: 381
Train dataset shape: torch.Size([72]), torch.Size([72])
Test dataset shape: torch.Size([72]), torch.Size([72])
Predictions and actual values saved to /home/chiara/Energy/PRED/ddpm_predictions
Iteration 36 completed.
DEVICE: cuda
Train dataset size: 381
Test dataset size: 381
Train dataset shape: torch.Size([72]), torch.Size([72])
Test dataset shape: torch.Size([72]), torch.Size([72])
Predictions and actual values saved to /home/chiara/Energy/PRED/ddpm_predictions
Iteration 37 completed.
DEVICE: cuda
Train dataset size: 381
Test dataset size: 381
Train dataset shape: torch.Size([72]), torch.Size([72])
Test dataset shape: torch.Size([72]), torch.Size([72])
Predictions and actual values saved to /home/chiara/Energy/PRED/ddpm_predictions
Iteration 38 completed.
DEVICE: cuda
Train dataset size: 381
Test dataset size: 381
Train dataset shape: torch.Size([72]), torch.Size([72])
Test dataset shape: torch.Size([72]), torch.Size([72])
Predictions and actual values saved to /home/chiara/Energy/PRED/ddpm_predictions
Iteration 39 completed.
DEVICE: cuda
Train dataset size: 381
Test dataset size: 381
Train dataset shape: torch.Size([72]), torch.Size([72])
Test dataset shape: torch.Size([72]), torch.Size([72])
Predictions and actual values saved to /home/chiara/Energy/PRED/ddpm_predictions
Iteration 40 completed.
DEVICE: cuda
Train dataset size: 381
Test dataset size: 381
Train dataset shape: torch.Size([72]), torch.Size([72])
Test dataset shape: torch.Size([72]), torch.Size([72])
Predictions and actual values saved to /home/chiara/Energy/PRED/ddpm_predictions
Iteration 41 completed.
DEVICE: cuda
Train dataset size: 381
Test dataset size: 381
Train dataset shape: torch.Size([72]), torch.Size([72])
Test dataset shape: torch.Size([72]), torch.Size([72])
Predictions and actual values saved to /home/chiara/Energy/PRED/ddpm_predictions
Iteration 42 completed.
DEVICE: cuda
Train dataset size: 381
Test dataset size: 381
Train dataset shape: torch.Size([72]), torch.Size([72])
Test dataset shape: torch.Size([72]), torch.Size([72])
Predictions and actual values saved to /home/chiara/Energy/PRED/ddpm_predictions
Iteration 43 completed.
DEVICE: cuda
Train dataset size: 381
Test dataset size: 381
Train dataset shape: torch.Size([72]), torch.Size([72])
Test dataset shape: torch.Size([72]), torch.Size([72])
Predictions and actual values saved to /home/chiara/Energy/PRED/ddpm_predictions
Iteration 44 completed.
DEVICE: cuda
Train dataset size: 381
Test dataset size: 381
Train dataset shape: torch.Size([72]), torch.Size([72])
Test dataset shape: torch.Size([72]), torch.Size([72])
Predictions and actual values saved to /home/chiara/Energy/PRED/ddpm_predictions
Iteration 45 completed.
DEVICE: cuda
Train dataset size: 381
Test dataset size: 381
Train dataset shape: torch.Size([72]), torch.Size([72])
Test dataset shape: torch.Size([72]), torch.Size([72])
Predictions and actual values saved to /home/chiara/Energy/PRED/ddpm_predictions
Iteration 46 completed.
DEVICE: cuda
Train dataset size: 381
Test dataset size: 381
Train dataset shape: torch.Size([72]), torch.Size([72])
Test dataset shape: torch.Size([72]), torch.Size([72])
Predictions and actual values saved to /home/chiara/Energy/PRED/ddpm_predictions
Iteration 47 completed.
DEVICE: cuda
Train dataset size: 381
Test dataset size: 381
Train dataset shape: torch.Size([72]), torch.Size([72])
Test dataset shape: torch.Size([72]), torch.Size([72])
Predictions and actual values saved to /home/chiara/Energy/PRED/ddpm_predictions
Iteration 48 completed.
DEVICE: cuda
Train dataset size: 381
Test dataset size: 381
Train dataset shape: torch.Size([72]), torch.Size([72])
Test dataset shape: torch.Size([72]), torch.Size([72])
Predictions and actual values saved to /home/chiara/Energy/PRED/ddpm_predictions
Iteration 49 completed.
